<?xml version="1.0" encoding="UTF-8"?>
<!-- Generated by org.testng.reporters.JUnitXMLReporter -->
<testsuite ignored="0" hostname="DESKTOP-E7JB5E4" failures="0" tests="10" name="Surefire test" time="22.419" errors="0" timestamp="2024-11-06T18:17:24 IST">
  <testcase classname="api.test.DDTests" name="testPostUser" time="3.484"/>
  <testcase classname="api.test.DDTests" name="testPostUser" time="1.607"/>
  <testcase classname="api.test.DDTests" name="testPostUser" time="1.532"/>
  <testcase classname="api.test.DDTests" name="testDeleteUserByName" time="1.638"/>
  <testcase classname="api.test.DDTests" name="testDeleteUserByName" time="1.535"/>
  <testcase classname="api.test.DDTests" name="testDeleteUserByName" time="1.637"/>
  <testcase classname="api.test.UserTests" name="testPostUser" time="2.006"/>
  <testcase classname="api.test.UserTests" name="testGetUserByName" time="1.739"/>
  <testcase classname="api.test.UserTests" name="testUpdateUserByName" time="3.377"/>
  <testcase classname="api.test.UserTests" name="testDeleteUserByName" time="1.533"/>
</testsuite> <!-- Surefire test -->
