<?xml version="1.0" encoding="UTF-8"?>
<!-- Generated by org.testng.reporters.JUnitXMLReporter -->
<testsuite ignored="0" hostname="DESKTOP-E7JB5E4" failures="0" tests="6" name="Default test" time="12.899" errors="0" timestamp="2024-11-05T22:23:38 IST">
  <testcase classname="api.test.DDTests" name="testPostUser" time="3.701"/>
  <testcase classname="api.test.DDTests" name="testPostUser" time="1.597"/>
  <testcase classname="api.test.DDTests" name="testPostUser" time="1.634"/>
  <testcase classname="api.test.DDTests" name="testDeleteUserByName" time="1.656"/>
  <testcase classname="api.test.DDTests" name="testDeleteUserByName" time="1.536"/>
  <testcase classname="api.test.DDTests" name="testDeleteUserByName" time="1.485"/>
</testsuite> <!-- Default test -->
