<?xml version="1.0" encoding="UTF-8"?>
<testng-results ignored="0" total="4" passed="4" failed="0" skipped="0">
  <reporter-output>
  </reporter-output>
  <suite started-at="2024-11-06T17:45:59 IST" name="PetSuite" finished-at="2024-11-06T17:46:11 IST" duration-ms="12179">
    <groups>
    </groups>
    <test started-at="2024-11-06T17:45:59 IST" name="PetTests" finished-at="2024-11-06T17:46:11 IST" duration-ms="12179">
      <class name="api.test.UserTests2">
        <test-method is-config="true" signature="setUp()[pri:0, instance:api.test.UserTests2@45752059]" started-at="2024-11-06T17:46:00 IST" name="setUp" finished-at="2024-11-06T17:46:01 IST" duration-ms="904" status="PASS">
          <reporter-output>
          </reporter-output>
        </test-method> <!-- setUp -->
        <test-method signature="testPostUser()[pri:1, instance:api.test.UserTests2@45752059]" started-at="2024-11-06T17:46:01 IST" name="testPostUser" finished-at="2024-11-06T17:46:05 IST" duration-ms="4518" status="PASS">
          <reporter-output>
          </reporter-output>
        </test-method> <!-- testPostUser -->
        <test-method signature="testGetUserByName()[pri:2, instance:api.test.UserTests2@45752059]" started-at="2024-11-06T17:46:05 IST" name="testGetUserByName" finished-at="2024-11-06T17:46:07 IST" duration-ms="1619" status="PASS">
          <reporter-output>
          </reporter-output>
        </test-method> <!-- testGetUserByName -->
        <test-method signature="testUpdateUserByName()[pri:3, instance:api.test.UserTests2@45752059]" started-at="2024-11-06T17:46:07 IST" name="testUpdateUserByName" finished-at="2024-11-06T17:46:10 IST" duration-ms="3168" status="PASS">
          <reporter-output>
          </reporter-output>
        </test-method> <!-- testUpdateUserByName -->
        <test-method signature="testDeleteUserByName()[pri:4, instance:api.test.UserTests2@45752059]" started-at="2024-11-06T17:46:10 IST" name="testDeleteUserByName" finished-at="2024-11-06T17:46:11 IST" duration-ms="1532" status="PASS">
          <reporter-output>
          </reporter-output>
        </test-method> <!-- testDeleteUserByName -->
      </class> <!-- api.test.UserTests2 -->
    </test> <!-- PetTests -->
  </suite> <!-- PetSuite -->
</testng-results>
