<?xml version="1.0" encoding="UTF-8"?>
<!-- Generated by org.testng.reporters.JUnitXMLReporter -->
<testsuite ignored="0" hostname="DESKTOP-E7JB5E4" failures="0" tests="4" name="PetTests" time="12.179" errors="0" timestamp="2024-11-06T17:46:12 IST">
  <testcase classname="api.test.UserTests2" name="testPostUser" time="4.518"/>
  <testcase classname="api.test.UserTests2" name="testGetUserByName" time="1.619"/>
  <testcase classname="api.test.UserTests2" name="testUpdateUserByName" time="3.168"/>
  <testcase classname="api.test.UserTests2" name="testDeleteUserByName" time="1.532"/>
</testsuite> <!-- PetTests -->
